<?xml version="1.0" encoding="UTF-8"?>
<!-- Generated by org.testng.reporters.JUnitReportReporter -->
<testsuite hostname="DESKTOP-OTOQ83F" failures="0" tests="1" name="testpkg.Fblogintest" time="35.736" errors="0" timestamp="2024-04-27T12:32:30 IST" skipped="0">
  <testcase classname="testpkg.Fblogintest" name="verifyloginwithvalidcred" time="35.736"/>
  <system-out/>
</testsuite> <!-- testpkg.Fblogintest -->
